This is pdfTeX, Version 3.1415926-2.5-1.40.14 (MiKTeX 2.9) (preloaded format=pdflatex 2014.9.5)  30 SEP 2016 15:33
entering extended mode
**report.tex

("C:\Users\Christiaan\Downloads\Report week 3.tar\Report week 3\Report week 3\r
eport.tex"
LaTeX2e <2011/06/27>
Babel <v3.8m> and hyphenation patterns for english, afrikaans, ancientgreek, ar
abic, armenian, assamese, basque, bengali, bokmal, bulgarian, catalan, coptic, 
croatian, czech, danish, dutch, esperanto, estonian, farsi, finnish, french, ga
lician, german, german-x-2013-05-26, greek, gujarati, hindi, hungarian, iceland
ic, indonesian, interlingua, irish, italian, kannada, kurmanji, latin, latvian,
 lithuanian, malayalam, marathi, mongolian, mongolianlmc, monogreek, ngerman, n
german-x-2013-05-26, nynorsk, oriya, panjabi, pinyin, polish, portuguese, roman
ian, russian, sanskrit, serbian, slovak, slovenian, spanish, swedish, swissgerm
an, tamil, telugu, turkish, turkmen, ukenglish, ukrainian, uppersorbian, usengl
ishmax, welsh, loaded.
("C:\Program Files (x86)\MiKTeX 2.9\tex\latex\base\article.cls"
Document Class: article 2007/10/19 v1.4h Standard LaTeX document class
("C:\Program Files (x86)\MiKTeX 2.9\tex\latex\base\size11.clo"
File: size11.clo 2007/10/19 v1.4h Standard LaTeX file (size option)
)
\c@part=\count79
\c@section=\count80
\c@subsection=\count81
\c@subsubsection=\count82
\c@paragraph=\count83
\c@subparagraph=\count84
\c@figure=\count85
\c@table=\count86
\abovecaptionskip=\skip41
\belowcaptionskip=\skip42
\bibindent=\dimen102
)
("C:\Program Files (x86)\MiKTeX 2.9\tex\latex\psnfss\times.sty"
Package: times 2005/04/12 PSNFSS-v9.2a (SPQR) 
)
("C:\Program Files (x86)\MiKTeX 2.9\tex\generic\babel\babel.sty"
Package: babel 2008/07/08 v3.8m The Babel package

*************************************
* Local config file bblopts.cfg used
*
("C:\Program Files (x86)\MiKTeX 2.9\tex\latex\00miktex\bblopts.cfg"
File: bblopts.cfg 2006/07/31 v1.0 MiKTeX 'babel' configuration
)
("C:\Program Files (x86)\MiKTeX 2.9\tex\generic\babel\english.ldf"
Language: english 2005/03/30 v3.3o English support from the babel system

("C:\Program Files (x86)\MiKTeX 2.9\tex\generic\babel\babel.def"
File: babel.def 2008/07/08 v3.8m Babel common definitions
\babel@savecnt=\count87
\U@D=\dimen103
)
\l@canadian = a dialect from \language\l@american 
\l@australian = a dialect from \language\l@british 
\l@newzealand = a dialect from \language\l@british 
))
("C:\Program Files (x86)\MiKTeX 2.9\tex\latex\psnfss\courier.sty"
Package: courier 2005/04/12 PSNFSS-v9.2a (WaS) 
)
("C:\Program Files (x86)\MiKTeX 2.9\tex\latex\listings\listings.sty"
("C:\Program Files (x86)\MiKTeX 2.9\tex\latex\graphics\keyval.sty"
Package: keyval 1999/03/16 v1.13 key=value parser (DPC)
\KV@toks@=\toks14
)
\lst@mode=\count88
\lst@gtempboxa=\box26
\lst@token=\toks15
\lst@length=\count89
\lst@currlwidth=\dimen104
\lst@column=\count90
\lst@pos=\count91
\lst@lostspace=\dimen105
\lst@width=\dimen106
\lst@newlines=\count92
\lst@lineno=\count93
\lst@maxwidth=\dimen107

("C:\Program Files (x86)\MiKTeX 2.9\tex\latex\listings\lstmisc.sty"
File: lstmisc.sty 2014/03/04 1.5c (Carsten Heinz)
\c@lstnumber=\count94
\lst@skipnumbers=\count95
\lst@framebox=\box27
)
("C:\Program Files (x86)\MiKTeX 2.9\tex\latex\listings\listings.cfg"
File: listings.cfg 2014/03/04 1.5c listings configuration
))
Package: listings 2014/03/04 1.5c (Carsten Heinz)

("C:\Program Files (x86)\MiKTeX 2.9\tex\latex\graphics\color.sty"
Package: color 2005/11/14 v1.0j Standard LaTeX Color (DPC)

("C:\Program Files (x86)\MiKTeX 2.9\tex\latex\00miktex\color.cfg"
File: color.cfg 2007/01/18 v1.5 color configuration of teTeX/TeXLive
)
Package color Info: Driver file: pdftex.def on input line 130.

("C:\Program Files (x86)\MiKTeX 2.9\tex\latex\pdftex-def\pdftex.def"
File: pdftex.def 2011/05/27 v0.06d Graphics/color for pdfTeX

("C:\Program Files (x86)\MiKTeX 2.9\tex\generic\oberdiek\infwarerr.sty"
Package: infwarerr 2010/04/08 v1.3 Providing info/warning/error messages (HO)
)
("C:\Program Files (x86)\MiKTeX 2.9\tex\generic\oberdiek\ltxcmds.sty"
Package: ltxcmds 2011/11/09 v1.22 LaTeX kernel commands for general use (HO)
)
\Gread@gobject=\count96
))
("C:\Program Files (x86)\MiKTeX 2.9\tex\latex\listings\lstlang1.sty"
File: lstlang1.sty 2014/03/04 1.5c listings language file
)
("C:\Program Files (x86)\MiKTeX 2.9\tex\latex\listings\lstlang1.sty"
File: lstlang1.sty 2014/03/04 1.5c listings language file
)
("C:\Program Files (x86)\MiKTeX 2.9\tex\latex\listings\lstmisc.sty"
File: lstmisc.sty 2014/03/04 1.5c (Carsten Heinz)
)
("C:\Users\Christiaan\Downloads\Report week 3.tar\Report week 3\Report week 3\r
eport.aux")
LaTeX Font Info:    Checking defaults for OML/cmm/m/it on input line 38.
LaTeX Font Info:    ... okay on input line 38.
LaTeX Font Info:    Checking defaults for T1/cmr/m/n on input line 38.
LaTeX Font Info:    ... okay on input line 38.
LaTeX Font Info:    Checking defaults for OT1/cmr/m/n on input line 38.
LaTeX Font Info:    ... okay on input line 38.
LaTeX Font Info:    Checking defaults for OMS/cmsy/m/n on input line 38.
LaTeX Font Info:    ... okay on input line 38.
LaTeX Font Info:    Checking defaults for OMX/cmex/m/n on input line 38.
LaTeX Font Info:    ... okay on input line 38.
LaTeX Font Info:    Checking defaults for U/cmr/m/n on input line 38.
LaTeX Font Info:    ... okay on input line 38.
LaTeX Font Info:    Try loading font information for OT1+ptm on input line 38.
 ("C:\Program Files (x86)\MiKTeX 2.9\tex\latex\psnfss\ot1ptm.fd"
File: ot1ptm.fd 2001/06/04 font definitions for OT1/ptm.
)
\c@lstlisting=\count97

("C:\Program Files (x86)\MiKTeX 2.9\tex\context\base\supp-pdf.mkii"
[Loading MPS to PDF converter (version 2006.09.02).]
\scratchcounter=\count98
\scratchdimen=\dimen108
\scratchbox=\box28
\nofMPsegments=\count99
\nofMParguments=\count100
\everyMPshowfont=\toks16
\MPscratchCnt=\count101
\MPscratchDim=\dimen109
\MPnumerator=\count102
\makeMPintoPDFobject=\count103
\everyMPtoPDFconversion=\toks17
)
LaTeX Font Info:    External font `cmex10' loaded for size
(Font)              <12> on input line 51.
LaTeX Font Info:    External font `cmex10' loaded for size
(Font)              <8> on input line 51.
LaTeX Font Info:    External font `cmex10' loaded for size
(Font)              <6> on input line 51.
LaTeX Font Info:    Font shape `OT1/ptm/bx/n' in size <14.4> not available
(Font)              Font shape `OT1/ptm/b/n' tried instead on input line 53.
LaTeX Font Info:    Font shape `OT1/ptm/bx/n' in size <12> not available
(Font)              Font shape `OT1/ptm/b/n' tried instead on input line 55.
LaTeX Font Info:    Try loading font information for OT1+pcr on input line 64.
 ("C:\Program Files (x86)\MiKTeX 2.9\tex\latex\psnfss\ot1pcr.fd"
File: ot1pcr.fd 2001/06/04 font definitions for OT1/pcr.
)
("C:\Users\Christiaan\Downloads\Report week 3.tar\Report week 3\Report week 3\s
rc/a21/exercise21.cc" [1

{C:/ProgramData/MiKTeX/2.9/pdftex/config/pdftex.map}])
("C:\Users\Christiaan\Downloads\Report week 3.tar\Report week 3\Report week 3\s
rc/a22/ex22.h" [2])
("C:\Users\Christiaan\Downloads\Report week 3.tar\Report week 3\Report week 3\s
rc/a22/ex22.ih")
("C:\Users\Christiaan\Downloads\Report week 3.tar\Report week 3\Report week 3\s
rc/a22/ex22main.cc")
("C:\Users\Christiaan\Downloads\Report week 3.tar\Report week 3\Report week 3\s
rc/a22/caller1.cc")
("C:\Users\Christiaan\Downloads\Report week 3.tar\Report week 3\Report week 3\s
rc/a22/caller2.cc" [3])
("C:\Users\Christiaan\Downloads\Report week 3.tar\Report week 3\Report week 3\s
rc/a22/caller3.cc")
("C:\Users\Christiaan\Downloads\Report week 3.tar\Report week 3\Report week 3\s
rc/a23/enum.h" [4])
("C:\Users\Christiaan\Downloads\Report week 3.tar\Report week 3\Report week 3\s
rc/a23/memory/memory.h")
("C:\Users\Christiaan\Downloads\Report week 3.tar\Report week 3\Report week 3\s
rc/a23/memory/memory.ih" [5])
("C:\Users\Christiaan\Downloads\Report week 3.tar\Report week 3\Report week 3\s
rc/a23/memory/load.cc")
("C:\Users\Christiaan\Downloads\Report week 3.tar\Report week 3\Report week 3\s
rc/a23/memory/memory1.cc")
("C:\Users\Christiaan\Downloads\Report week 3.tar\Report week 3\Report week 3\s
rc/a23/memory/memory2.cc")
("C:\Users\Christiaan\Downloads\Report week 3.tar\Report week 3\Report week 3\s
rc/a23/memory/store.cc" [6])
("C:\Users\Christiaan\Downloads\Report week 3.tar\Report week 3\Report week 3\s
rc/a24/cpu/cpu.h" [7])
("C:\Users\Christiaan\Downloads\Report week 3.tar\Report week 3\Report week 3\s
rc/a24/cpu/cpu.ih")
("C:\Users\Christiaan\Downloads\Report week 3.tar\Report week 3\Report week 3\s
rc/a24/cpu/main.cc")
("C:\Users\Christiaan\Downloads\Report week 3.tar\Report week 3\Report week 3\s
rc/a24/cpu/cpu.cc")
("C:\Users\Christiaan\Downloads\Report week 3.tar\Report week 3\Report week 3\s
rc/a24/cpu/error.cc")
("C:\Users\Christiaan\Downloads\Report week 3.tar\Report week 3\Report week 3\s
rc/a24/cpu/start.cc" [8] [9])
("C:\Users\Christiaan\Downloads\Report week 3.tar\Report week 3\Report week 3\s
rc/a25/tokenizer/tokenizer.h" [10])
("C:\Users\Christiaan\Downloads\Report week 3.tar\Report week 3\Report week 3\s
rc/a25/tokenizer/tokenizer.ih")
("C:\Users\Christiaan\Downloads\Report week 3.tar\Report week 3\Report week 3\s
rc/a25/tokenizer/opcode.cc")
("C:\Users\Christiaan\Downloads\Report week 3.tar\Report week 3\Report week 3\s
rc/a25/tokenizer/reset.cc" [11])
("C:\Users\Christiaan\Downloads\Report week 3.tar\Report week 3\Report week 3\s
rc/a25/tokenizer/token.cc" [12])
("C:\Users\Christiaan\Downloads\Report week 3.tar\Report week 3\Report week 3\s
rc/a25/tokenizer/tokenizer1.cc")
("C:\Users\Christiaan\Downloads\Report week 3.tar\Report week 3\Report week 3\s
rc/a25/tokenizer/value.cc") [13]
("C:\Users\Christiaan\Downloads\Report week 3.tar\Report week 3\Report week 3\r
eport.aux") ) 
Here is how much of TeX's memory you used:
 3076 strings out of 493921
 47289 string characters out of 3144862
 195771 words of memory out of 3000000
 6279 multiletter control sequences out of 15000+200000
 15705 words of font info for 37 fonts, out of 3000000 for 9000
 841 hyphenation exceptions out of 8191
 33i,6n,58p,219b,1587s stack positions out of 5000i,500n,10000p,200000b,50000s
{C:/Program Files (x86)/MiKTeX 2.9/fonts/enc/dvips/fontname/8r.enc
}<C:/Program Files (x86)/MiKTeX 2.9/fonts/type1/urw/courier/ucrr8a.pfb><C:/Prog
ram Files (x86)/MiKTeX 2.9/fonts/type1/urw/times/utmb8a.pfb><C:/Program Files (
x86)/MiKTeX 2.9/fonts/type1/urw/times/utmr8a.pfb>
Output written on report.pdf (13 pages, 65937 bytes).
PDF statistics:
 58 PDF objects out of 1000 (max. 8388607)
 0 named destinations out of 1000 (max. 500000)
 1 words of extra memory for PDF output out of 10000 (max. 10000000)

